2010/10/04 15:43:53 Starting cygwin install, version 2.721
2010/10/04 15:43:53 io_stream_cygfile: fopen(/etc/setup/net-proxy-host) failed 2 No such file or directory
2010/10/04 15:43:53 io_stream_cygfile: fopen(/etc/setup/net-proxy-port) failed 2 No such file or directory
2010/10/04 15:43:53 io_stream_cygfile: fopen(/etc/setup/extrakeys) failed 2 No such file or directory
2010/10/04 15:43:53 io_stream_cygfile: fopen(/etc/setup/chooser_window_settings) failed 2 No such file or directory
2010/10/04 15:43:53 Current Directory: C:\Users\Arc\Downloads
2010/10/04 15:43:53 User has backup/restore rights
2010/10/04 15:43:53 Changing gid to Administrators
2010/10/04 15:43:53 Could not open service McShield for query, start and stop. McAfee may not be installed, or we don't have access.
2010/10/04 15:43:55 source: network install
2010/10/04 15:44:01 root: C:\cygwinlean binary system
2010/10/04 15:44:05 Selected local directory: C:\Users\Arc\Downloads2
2010/10/04 15:44:07 net: Direct
2010/10/04 15:44:09 site: http://cygwin.xl-mirror.nl/
2010/10/04 15:44:09 io_stream_cygfile: fopen(/etc/setup/installed.db) failed 2 No such file or directory
2010/10/04 15:44:15 io_stream_cygfile: fopen(/etc/setup/timestamp) failed 2 No such file or directory
2010/10/04 15:45:30 Downloaded C:\Users\Arc\Downloads2/http%3a%2f%2fcygwin.xl-mirror.nl%2f/release/alternatives/alternatives-1.3.30c-10.tar.bz2
2010/10/04 15:45:30 Downloaded C:\Users\Arc\Downloads2/http%3a%2f%2fcygwin.xl-mirror.nl%2f/release/base-cygwin/base-cygwin-2.1-1.tar.bz2
2010/10/04 15:45:30 Downloaded C:\Users\Arc\Downloads2/http%3a%2f%2fcygwin.xl-mirror.nl%2f/release/base-files/base-files-3.9-3.tar.bz2
2010/10/04 15:45:30 Downloaded C:\Users\Arc\Downloads2/http%3a%2f%2fcygwin.xl-mirror.nl%2f/release/base-passwd/base-passwd-3.1-1.tar.bz2
2010/10/04 15:45:30 Downloaded C:\Users\Arc\Downloads2/http%3a%2f%2fcygwin.xl-mirror.nl%2f/release/bash/bash-3.2.51-24.tar.bz2
2010/10/04 15:45:30 Downloaded C:\Users\Arc\Downloads2/http%3a%2f%2fcygwin.xl-mirror.nl%2f/release/bzip2/bzip2-1.0.5-10.tar.bz2
2010/10/04 15:45:31 Downloaded C:\Users\Arc\Downloads2/http%3a%2f%2fcygwin.xl-mirror.nl%2f/release/coreutils/coreutils-8.5-2.tar.bz2
2010/10/04 15:45:31 Downloaded C:\Users\Arc\Downloads2/http%3a%2f%2fcygwin.xl-mirror.nl%2f/release/cygutils/cygutils-1.4.4-1.tar.bz2
2010/10/04 15:45:32 Downloaded C:\Users\Arc\Downloads2/http%3a%2f%2fcygwin.xl-mirror.nl%2f/release/cygwin/cygwin-1.7.7-1.tar.bz2
2010/10/04 15:45:32 Downloaded C:\Users\Arc\Downloads2/http%3a%2f%2fcygwin.xl-mirror.nl%2f/release/cygwin-doc/cygwin-doc-1.7-1.tar.bz2
2010/10/04 15:45:32 Downloaded C:\Users\Arc\Downloads2/http%3a%2f%2fcygwin.xl-mirror.nl%2f/release/dash/dash-0.5.6.1-2.tar.bz2
2010/10/04 15:45:33 Downloaded C:\Users\Arc\Downloads2/http%3a%2f%2fcygwin.xl-mirror.nl%2f/release/diffutils/diffutils-2.9-1.tar.bz2
2010/10/04 15:45:33 Downloaded C:\Users\Arc\Downloads2/http%3a%2f%2fcygwin.xl-mirror.nl%2f/release/editrights/editrights-1.01-2.tar.bz2
2010/10/04 15:45:33 Downloaded C:\Users\Arc\Downloads2/http%3a%2f%2fcygwin.xl-mirror.nl%2f/release/findutils/findutils-4.5.9-1.tar.bz2
2010/10/04 15:45:33 Downloaded C:\Users\Arc\Downloads2/http%3a%2f%2fcygwin.xl-mirror.nl%2f/release/gawk/gawk-3.1.8-1.tar.bz2
2010/10/04 15:45:33 Downloaded C:\Users\Arc\Downloads2/http%3a%2f%2fcygwin.xl-mirror.nl%2f/release/gettext/gettext-0.17-11.tar.bz2
2010/10/04 15:45:33 Downloaded C:\Users\Arc\Downloads2/http%3a%2f%2fcygwin.xl-mirror.nl%2f/release/grep/grep-2.6.3-1.tar.bz2
2010/10/04 15:45:34 Downloaded C:\Users\Arc\Downloads2/http%3a%2f%2fcygwin.xl-mirror.nl%2f/release/groff/groff-1.20.1-2.tar.bz2
2010/10/04 15:45:34 Downloaded C:\Users\Arc\Downloads2/http%3a%2f%2fcygwin.xl-mirror.nl%2f/release/gzip/gzip-1.3.12-2.tar.bz2
2010/10/04 15:45:35 Downloaded C:\Users\Arc\Downloads2/http%3a%2f%2fcygwin.xl-mirror.nl%2f/release/ipc-utils/ipc-utils-1.0-1.tar.bz2
2010/10/04 15:45:35 Downloaded C:\Users\Arc\Downloads2/http%3a%2f%2fcygwin.xl-mirror.nl%2f/release/less/less-436-1.tar.bz2
2010/10/04 15:45:35 Downloaded C:\Users\Arc\Downloads2/http%3a%2f%2fcygwin.xl-mirror.nl%2f/release/attr/libattr1/libattr1-2.4.43-1.tar.bz2
2010/10/04 15:45:35 Downloaded C:\Users\Arc\Downloads2/http%3a%2f%2fcygwin.xl-mirror.nl%2f/release/bzip2/libbz2_1/libbz2_1-1.0.5-10.tar.bz2
2010/10/04 15:45:35 Downloaded C:\Users\Arc\Downloads2/http%3a%2f%2fcygwin.xl-mirror.nl%2f/release/gcc4/libgcc1/libgcc1-4.3.4-3.tar.bz2
2010/10/04 15:45:35 Downloaded C:\Users\Arc\Downloads2/http%3a%2f%2fcygwin.xl-mirror.nl%2f/release/gmp/libgmp3/libgmp3-4.3.1-3.tar.bz2
2010/10/04 15:45:36 Downloaded C:\Users\Arc\Downloads2/http%3a%2f%2fcygwin.xl-mirror.nl%2f/release/libiconv/libiconv2/libiconv2-1.13.1-1.tar.bz2
2010/10/04 15:45:36 Downloaded C:\Users\Arc\Downloads2/http%3a%2f%2fcygwin.xl-mirror.nl%2f/release/gettext/libintl8/libintl8-0.17-11.tar.bz2
2010/10/04 15:45:36 Downloaded C:\Users\Arc\Downloads2/http%3a%2f%2fcygwin.xl-mirror.nl%2f/release/xz/liblzma1/liblzma1-4.999.9beta-11.tar.bz2
2010/10/04 15:45:36 Downloaded C:\Users\Arc\Downloads2/http%3a%2f%2fcygwin.xl-mirror.nl%2f/release/ncurses/libncurses10/libncurses10-5.7-18.tar.bz2
2010/10/04 15:45:36 Downloaded C:\Users\Arc\Downloads2/http%3a%2f%2fcygwin.xl-mirror.nl%2f/release/ncurses/libncurses8/libncurses8-5.5-10.tar.bz2
2010/10/04 15:45:36 Downloaded C:\Users\Arc\Downloads2/http%3a%2f%2fcygwin.xl-mirror.nl%2f/release/ncurses/libncurses9/libncurses9-5.7-16.tar.bz2
2010/10/04 15:45:36 Downloaded C:\Users\Arc\Downloads2/http%3a%2f%2fcygwin.xl-mirror.nl%2f/release/pcre/libpcre0/libpcre0-8.02-1.tar.bz2
2010/10/04 15:45:36 Downloaded C:\Users\Arc\Downloads2/http%3a%2f%2fcygwin.xl-mirror.nl%2f/release/popt/libpopt0/libpopt0-1.6.4-4.tar.bz2
2010/10/04 15:45:36 Downloaded C:\Users\Arc\Downloads2/http%3a%2f%2fcygwin.xl-mirror.nl%2f/release/readline/libreadline7/libreadline7-6.0.3-2.tar.bz2
2010/10/04 15:45:36 Downloaded C:\Users\Arc\Downloads2/http%3a%2f%2fcygwin.xl-mirror.nl%2f/release/libsigsegv/libsigsegv2/libsigsegv2-2.8-1.tar.bz2
2010/10/04 15:45:36 Downloaded C:\Users\Arc\Downloads2/http%3a%2f%2fcygwin.xl-mirror.nl%2f/release/gcc4/libstdc++6/libstdc++6-4.3.4-3.tar.bz2
2010/10/04 15:45:37 Downloaded C:\Users\Arc\Downloads2/http%3a%2f%2fcygwin.xl-mirror.nl%2f/release/login/login-1.10-10.tar.bz2
2010/10/04 15:45:37 Downloaded C:\Users\Arc\Downloads2/http%3a%2f%2fcygwin.xl-mirror.nl%2f/release/man/man-1.6f-1.tar.bz2
2010/10/04 15:45:37 Downloaded C:\Users\Arc\Downloads2/http%3a%2f%2fcygwin.xl-mirror.nl%2f/release/rebase/rebase-3.0.1-1.tar.bz2
2010/10/04 15:45:37 Downloaded C:\Users\Arc\Downloads2/http%3a%2f%2fcygwin.xl-mirror.nl%2f/release/run/run-1.1.12-11.tar.bz2
2010/10/04 15:45:37 Downloaded C:\Users\Arc\Downloads2/http%3a%2f%2fcygwin.xl-mirror.nl%2f/release/sed/sed-4.2.1-1.tar.bz2
2010/10/04 15:45:38 Downloaded C:\Users\Arc\Downloads2/http%3a%2f%2fcygwin.xl-mirror.nl%2f/release/tar/tar-1.23-1.tar.bz2
2010/10/04 15:45:38 Downloaded C:\Users\Arc\Downloads2/http%3a%2f%2fcygwin.xl-mirror.nl%2f/release/terminfo/terminfo-5.7_20091114-14.tar.bz2
2010/10/04 15:45:38 Downloaded C:\Users\Arc\Downloads2/http%3a%2f%2fcygwin.xl-mirror.nl%2f/release/terminfo/terminfo0/terminfo0-5.5_20061104-12.tar.bz2
2010/10/04 15:45:38 Downloaded C:\Users\Arc\Downloads2/http%3a%2f%2fcygwin.xl-mirror.nl%2f/release/texinfo/texinfo-4.13-3.tar.bz2
2010/10/04 15:45:38 Downloaded C:\Users\Arc\Downloads2/http%3a%2f%2fcygwin.xl-mirror.nl%2f/release/tzcode/tzcode-2010j-1.tar.bz2
2010/10/04 15:45:38 Downloaded C:\Users\Arc\Downloads2/http%3a%2f%2fcygwin.xl-mirror.nl%2f/release/which/which-2.20-2.tar.bz2
2010/10/04 15:45:38 Downloaded C:\Users\Arc\Downloads2/http%3a%2f%2fcygwin.xl-mirror.nl%2f/release/xz/xz-4.999.9beta-11.tar.bz2
2010/10/04 15:45:38 Downloaded C:\Users\Arc\Downloads2/http%3a%2f%2fcygwin.xl-mirror.nl%2f/release/zlib/zlib0/zlib0-1.2.5-1.tar.bz2
2010/10/04 15:45:39 Downloaded C:\Users\Arc\Downloads2/http%3a%2f%2fcygwin.xl-mirror.nl%2f/release/_update-info-dir/_update-info-dir-00923-1.tar.bz2
2010/10/04 15:45:40 Extracting from file://C:\Users\Arc\Downloads2/http%3a%2f%2fcygwin.xl-mirror.nl%2f/release/alternatives/alternatives-1.3.30c-10.tar.bz2
2010/10/04 15:45:41 Extracting from file://C:\Users\Arc\Downloads2/http%3a%2f%2fcygwin.xl-mirror.nl%2f/release/base-cygwin/base-cygwin-2.1-1.tar.bz2
2010/10/04 15:45:41 Extracting from file://C:\Users\Arc\Downloads2/http%3a%2f%2fcygwin.xl-mirror.nl%2f/release/base-files/base-files-3.9-3.tar.bz2
2010/10/04 15:45:41 Extracting from file://C:\Users\Arc\Downloads2/http%3a%2f%2fcygwin.xl-mirror.nl%2f/release/base-passwd/base-passwd-3.1-1.tar.bz2
2010/10/04 15:45:41 Extracting from file://C:\Users\Arc\Downloads2/http%3a%2f%2fcygwin.xl-mirror.nl%2f/release/bash/bash-3.2.51-24.tar.bz2
2010/10/04 15:45:42 Extracting from file://C:\Users\Arc\Downloads2/http%3a%2f%2fcygwin.xl-mirror.nl%2f/release/bzip2/bzip2-1.0.5-10.tar.bz2
2010/10/04 15:45:42 Extracting from file://C:\Users\Arc\Downloads2/http%3a%2f%2fcygwin.xl-mirror.nl%2f/release/coreutils/coreutils-8.5-2.tar.bz2
2010/10/04 15:45:45 Extracting from file://C:\Users\Arc\Downloads2/http%3a%2f%2fcygwin.xl-mirror.nl%2f/release/cygutils/cygutils-1.4.4-1.tar.bz2
2010/10/04 15:45:45 Extracting from file://C:\Users\Arc\Downloads2/http%3a%2f%2fcygwin.xl-mirror.nl%2f/release/cygwin/cygwin-1.7.7-1.tar.bz2
2010/10/04 15:45:47 Extracting from file://C:\Users\Arc\Downloads2/http%3a%2f%2fcygwin.xl-mirror.nl%2f/release/cygwin-doc/cygwin-doc-1.7-1.tar.bz2
2010/10/04 15:45:49 Extracting from file://C:\Users\Arc\Downloads2/http%3a%2f%2fcygwin.xl-mirror.nl%2f/release/dash/dash-0.5.6.1-2.tar.bz2
2010/10/04 15:45:49 Extracting from file://C:\Users\Arc\Downloads2/http%3a%2f%2fcygwin.xl-mirror.nl%2f/release/diffutils/diffutils-2.9-1.tar.bz2
2010/10/04 15:45:50 Extracting from file://C:\Users\Arc\Downloads2/http%3a%2f%2fcygwin.xl-mirror.nl%2f/release/editrights/editrights-1.01-2.tar.bz2
2010/10/04 15:45:50 Extracting from file://C:\Users\Arc\Downloads2/http%3a%2f%2fcygwin.xl-mirror.nl%2f/release/findutils/findutils-4.5.9-1.tar.bz2
2010/10/04 15:45:50 Extracting from file://C:\Users\Arc\Downloads2/http%3a%2f%2fcygwin.xl-mirror.nl%2f/release/gawk/gawk-3.1.8-1.tar.bz2
2010/10/04 15:45:51 Extracting from file://C:\Users\Arc\Downloads2/http%3a%2f%2fcygwin.xl-mirror.nl%2f/release/gettext/gettext-0.17-11.tar.bz2
2010/10/04 15:45:51 Extracting from file://C:\Users\Arc\Downloads2/http%3a%2f%2fcygwin.xl-mirror.nl%2f/release/grep/grep-2.6.3-1.tar.bz2
2010/10/04 15:45:52 Extracting from file://C:\Users\Arc\Downloads2/http%3a%2f%2fcygwin.xl-mirror.nl%2f/release/groff/groff-1.20.1-2.tar.bz2
2010/10/04 15:45:56 Extracting from file://C:\Users\Arc\Downloads2/http%3a%2f%2fcygwin.xl-mirror.nl%2f/release/gzip/gzip-1.3.12-2.tar.bz2
2010/10/04 15:45:56 Extracting from file://C:\Users\Arc\Downloads2/http%3a%2f%2fcygwin.xl-mirror.nl%2f/release/ipc-utils/ipc-utils-1.0-1.tar.bz2
2010/10/04 15:45:56 Extracting from file://C:\Users\Arc\Downloads2/http%3a%2f%2fcygwin.xl-mirror.nl%2f/release/less/less-436-1.tar.bz2
2010/10/04 15:45:56 Extracting from file://C:\Users\Arc\Downloads2/http%3a%2f%2fcygwin.xl-mirror.nl%2f/release/attr/libattr1/libattr1-2.4.43-1.tar.bz2
2010/10/04 15:45:56 Extracting from file://C:\Users\Arc\Downloads2/http%3a%2f%2fcygwin.xl-mirror.nl%2f/release/bzip2/libbz2_1/libbz2_1-1.0.5-10.tar.bz2
2010/10/04 15:45:56 Extracting from file://C:\Users\Arc\Downloads2/http%3a%2f%2fcygwin.xl-mirror.nl%2f/release/gcc4/libgcc1/libgcc1-4.3.4-3.tar.bz2
2010/10/04 15:45:56 Extracting from file://C:\Users\Arc\Downloads2/http%3a%2f%2fcygwin.xl-mirror.nl%2f/release/gmp/libgmp3/libgmp3-4.3.1-3.tar.bz2
2010/10/04 15:45:56 Extracting from file://C:\Users\Arc\Downloads2/http%3a%2f%2fcygwin.xl-mirror.nl%2f/release/libiconv/libiconv2/libiconv2-1.13.1-1.tar.bz2
2010/10/04 15:45:56 Extracting from file://C:\Users\Arc\Downloads2/http%3a%2f%2fcygwin.xl-mirror.nl%2f/release/gettext/libintl8/libintl8-0.17-11.tar.bz2
2010/10/04 15:45:57 Extracting from file://C:\Users\Arc\Downloads2/http%3a%2f%2fcygwin.xl-mirror.nl%2f/release/xz/liblzma1/liblzma1-4.999.9beta-11.tar.bz2
2010/10/04 15:45:57 Extracting from file://C:\Users\Arc\Downloads2/http%3a%2f%2fcygwin.xl-mirror.nl%2f/release/ncurses/libncurses10/libncurses10-5.7-18.tar.bz2
2010/10/04 15:45:57 Extracting from file://C:\Users\Arc\Downloads2/http%3a%2f%2fcygwin.xl-mirror.nl%2f/release/ncurses/libncurses8/libncurses8-5.5-10.tar.bz2
2010/10/04 15:45:57 Extracting from file://C:\Users\Arc\Downloads2/http%3a%2f%2fcygwin.xl-mirror.nl%2f/release/ncurses/libncurses9/libncurses9-5.7-16.tar.bz2
2010/10/04 15:45:57 Extracting from file://C:\Users\Arc\Downloads2/http%3a%2f%2fcygwin.xl-mirror.nl%2f/release/pcre/libpcre0/libpcre0-8.02-1.tar.bz2
2010/10/04 15:45:57 Extracting from file://C:\Users\Arc\Downloads2/http%3a%2f%2fcygwin.xl-mirror.nl%2f/release/popt/libpopt0/libpopt0-1.6.4-4.tar.bz2
2010/10/04 15:45:57 Extracting from file://C:\Users\Arc\Downloads2/http%3a%2f%2fcygwin.xl-mirror.nl%2f/release/readline/libreadline7/libreadline7-6.0.3-2.tar.bz2
2010/10/04 15:45:57 Extracting from file://C:\Users\Arc\Downloads2/http%3a%2f%2fcygwin.xl-mirror.nl%2f/release/libsigsegv/libsigsegv2/libsigsegv2-2.8-1.tar.bz2
2010/10/04 15:45:57 Extracting from file://C:\Users\Arc\Downloads2/http%3a%2f%2fcygwin.xl-mirror.nl%2f/release/gcc4/libstdc++6/libstdc++6-4.3.4-3.tar.bz2
2010/10/04 15:45:57 Extracting from file://C:\Users\Arc\Downloads2/http%3a%2f%2fcygwin.xl-mirror.nl%2f/release/login/login-1.10-10.tar.bz2
2010/10/04 15:45:57 Extracting from file://C:\Users\Arc\Downloads2/http%3a%2f%2fcygwin.xl-mirror.nl%2f/release/man/man-1.6f-1.tar.bz2
2010/10/04 15:45:58 Extracting from file://C:\Users\Arc\Downloads2/http%3a%2f%2fcygwin.xl-mirror.nl%2f/release/rebase/rebase-3.0.1-1.tar.bz2
2010/10/04 15:45:58 Extracting from file://C:\Users\Arc\Downloads2/http%3a%2f%2fcygwin.xl-mirror.nl%2f/release/run/run-1.1.12-11.tar.bz2
2010/10/04 15:45:58 Extracting from file://C:\Users\Arc\Downloads2/http%3a%2f%2fcygwin.xl-mirror.nl%2f/release/sed/sed-4.2.1-1.tar.bz2
2010/10/04 15:45:58 Extracting from file://C:\Users\Arc\Downloads2/http%3a%2f%2fcygwin.xl-mirror.nl%2f/release/tar/tar-1.23-1.tar.bz2
2010/10/04 15:45:59 Extracting from file://C:\Users\Arc\Downloads2/http%3a%2f%2fcygwin.xl-mirror.nl%2f/release/terminfo/terminfo-5.7_20091114-14.tar.bz2
2010/10/04 15:45:59 Extracting from file://C:\Users\Arc\Downloads2/http%3a%2f%2fcygwin.xl-mirror.nl%2f/release/terminfo/terminfo0/terminfo0-5.5_20061104-12.tar.bz2
2010/10/04 15:46:00 Extracting from file://C:\Users\Arc\Downloads2/http%3a%2f%2fcygwin.xl-mirror.nl%2f/release/texinfo/texinfo-4.13-3.tar.bz2
2010/10/04 15:46:00 Extracting from file://C:\Users\Arc\Downloads2/http%3a%2f%2fcygwin.xl-mirror.nl%2f/release/tzcode/tzcode-2010j-1.tar.bz2
2010/10/04 15:46:06 Extracting from file://C:\Users\Arc\Downloads2/http%3a%2f%2fcygwin.xl-mirror.nl%2f/release/which/which-2.20-2.tar.bz2
2010/10/04 15:46:06 Extracting from file://C:\Users\Arc\Downloads2/http%3a%2f%2fcygwin.xl-mirror.nl%2f/release/xz/xz-4.999.9beta-11.tar.bz2
2010/10/04 15:46:07 Extracting from file://C:\Users\Arc\Downloads2/http%3a%2f%2fcygwin.xl-mirror.nl%2f/release/zlib/zlib0/zlib0-1.2.5-1.tar.bz2
2010/10/04 15:46:07 Extracting from file://C:\Users\Arc\Downloads2/http%3a%2f%2fcygwin.xl-mirror.nl%2f/release/_update-info-dir/_update-info-dir-00923-1.tar.bz2
2010/10/04 15:46:07 Changing gid back to original
2010/10/04 15:46:07 running: C:\cygwinlean\bin\bash.exe --norc --noprofile /etc/postinstall/000-cygwin-post-install.sh
2010/10/04 15:46:08 running: C:\cygwinlean\bin\bash.exe --norc --noprofile /etc/postinstall/passwd-grp.sh
2010/10/04 15:46:10 running: C:\cygwinlean\bin\bash.exe --norc --noprofile /etc/postinstall/terminfo0.sh
2010/10/04 15:46:22 running: C:\cygwinlean\bin\bash.exe --norc --noprofile /etc/postinstall/update-info-dir.sh
2010/10/04 15:46:34 running: C:\cygwinlean\bin\bash.exe --norc --noprofile /etc/postinstall/coreutils.sh
2010/10/04 15:46:35 running: C:\cygwinlean\bin\bash.exe --norc --noprofile /etc/postinstall/terminfo.sh
2010/10/04 15:46:49 running: C:\cygwinlean\bin\bash.exe --norc --noprofile /etc/postinstall/bash.sh
2010/10/04 15:46:50 running: C:\cygwinlean\bin\bash.exe --norc --noprofile /etc/postinstall/base-files-profile.sh
2010/10/04 15:46:54 running: C:\cygwinlean\bin\bash.exe --norc --noprofile /etc/postinstall/base-files-mketc.sh
2010/10/04 15:46:55 running: C:\cygwinlean\bin\bash.exe --norc --noprofile /etc/postinstall/man.sh
2010/10/04 15:46:56 Changing gid to Administrators
2010/10/04 15:47:28 note: Installation Complete
2010/10/04 15:47:28 Ending cygwin install
